<?xml version="1.0" encoding="UTF-8"?>
<!-- Generated by org.testng.reporters.JUnitXMLReporter -->
<testsuite ignored="4" hostname="Sagar" failures="0" tests="4" name="Test" time="15.88" errors="0" timestamp="2022-09-18T10:26:30 IST">
  <testcase classname="com.qa.LoginTest" name="loginTest" time="3.047"/>
  <testcase classname="com.qa.CancelOrderTest" name="CancelOrderTesting" time="2.87"/>
  <testcase classname="com.qa.ItemBuyTest" name="itemBuyTest" time="3.149"/>
  <testcase classname="com.qa.LoginTest" name="loginTest" time="1.059"/>
  <testcase classname="BaseClass.BaseClass" name="@AfterSuite afterSuite" time="0.0">
    <ignored/>
  </testcase> <!-- @AfterSuite afterSuite -->
  <testcase classname="BaseClass.BaseClass" name="@AfterSuite afterSuite" time="0.0">
    <ignored/>
  </testcase> <!-- @AfterSuite afterSuite -->
  <testcase classname="BaseClass.BaseClass" name="@BeforeSuite beforeSuite" time="0.0">
    <ignored/>
  </testcase> <!-- @BeforeSuite beforeSuite -->
  <testcase classname="BaseClass.BaseClass" name="@BeforeSuite beforeSuite" time="0.0">
    <ignored/>
  </testcase> <!-- @BeforeSuite beforeSuite -->
</testsuite> <!-- Test -->
