<?xml version="1.0" encoding="UTF-8"?>
<testng-results skipped="0" failed="0" ignored="0" total="2" passed="2">
  <reporter-output>
  </reporter-output>
  <suite name="Suite" duration-ms="17695" started-at="2022-08-26T11:47:42 IST" finished-at="2022-08-26T11:47:59 IST">
    <groups>
    </groups>
    <test name="Test" duration-ms="17695" started-at="2022-08-26T11:47:42 IST" finished-at="2022-08-26T11:47:59 IST">
      <class name="com.qa.LoginTest">
        <test-method status="PASS" signature="beforeMethod(java.lang.String)[pri:0, instance:com.qa.LoginTest@4e718207]" name="beforeMethod" is-config="true" duration-ms="5594" started-at="2022-08-26T11:47:43 IST" finished-at="2022-08-26T11:47:48 IST">
          <params>
            <param index="0">
              <value>
                <![CDATA[chrome]]>
              </value>
            </param>
          </params>
          <reporter-output>
          </reporter-output>
        </test-method> <!-- beforeMethod -->
        <test-method status="PASS" signature="loginTest(java.lang.String,java.lang.String,java.lang.String,java.lang.String,java.lang.String,java.lang.String)[pri:0, instance:com.qa.LoginTest@4e718207]" name="loginTest" duration-ms="2834" started-at="2022-08-26T11:47:48 IST" data-provider="loginTestData" finished-at="2022-08-26T11:47:51 IST">
          <params>
            <param index="0">
              <value>
                <![CDATA[standard_user]]>
              </value>
            </param>
            <param index="1">
              <value>
                <![CDATA[secret_sauce]]>
              </value>
            </param>
            <param index="2">
              <value>
                <![CDATA[Job]]>
              </value>
            </param>
            <param index="3">
              <value>
                <![CDATA[Den]]>
              </value>
            </param>
            <param index="4">
              <value>
                <![CDATA[111 333]]>
              </value>
            </param>
            <param index="5">
              <value>
                <![CDATA[]]>
              </value>
            </param>
          </params>
          <reporter-output>
          </reporter-output>
        </test-method> <!-- loginTest -->
        <test-method status="PASS" signature="afterMethod()[pri:0, instance:com.qa.LoginTest@4e718207]" name="afterMethod" is-config="true" duration-ms="946" started-at="2022-08-26T11:47:51 IST" finished-at="2022-08-26T11:47:52 IST">
          <reporter-output>
          </reporter-output>
        </test-method> <!-- afterMethod -->
        <test-method status="PASS" signature="beforeMethod(java.lang.String)[pri:0, instance:com.qa.LoginTest@4e718207]" name="beforeMethod" is-config="true" duration-ms="5001" started-at="2022-08-26T11:47:52 IST" finished-at="2022-08-26T11:47:57 IST">
          <params>
            <param index="0">
              <value>
                <![CDATA[chrome]]>
              </value>
            </param>
          </params>
          <reporter-output>
          </reporter-output>
        </test-method> <!-- beforeMethod -->
        <test-method status="PASS" signature="loginTest(java.lang.String,java.lang.String,java.lang.String,java.lang.String,java.lang.String,java.lang.String)[pri:0, instance:com.qa.LoginTest@4e718207]" name="loginTest" duration-ms="1599" started-at="2022-08-26T11:47:57 IST" data-provider="loginTestData" finished-at="2022-08-26T11:47:59 IST">
          <params>
            <param index="0">
              <value>
                <![CDATA[locked_out_user]]>
              </value>
            </param>
            <param index="1">
              <value>
                <![CDATA[secret_sauce]]>
              </value>
            </param>
            <param index="2">
              <value>
                <![CDATA[]]>
              </value>
            </param>
            <param index="3">
              <value>
                <![CDATA[]]>
              </value>
            </param>
            <param index="4">
              <value>
                <![CDATA[]]>
              </value>
            </param>
            <param index="5">
              <value>
                <![CDATA[Epic sadface: Sorry, this user has been locked out.]]>
              </value>
            </param>
          </params>
          <reporter-output>
          </reporter-output>
        </test-method> <!-- loginTest -->
        <test-method status="PASS" signature="afterMethod()[pri:0, instance:com.qa.LoginTest@4e718207]" name="afterMethod" is-config="true" duration-ms="759" started-at="2022-08-26T11:47:59 IST" finished-at="2022-08-26T11:47:59 IST">
          <reporter-output>
          </reporter-output>
        </test-method> <!-- afterMethod -->
      </class> <!-- com.qa.LoginTest -->
    </test> <!-- Test -->
  </suite> <!-- Suite -->
</testng-results>
