<?xml version="1.0" encoding="UTF-8"?>
<testng-results ignored="0" total="3" passed="3" failed="0" skipped="0">
  <reporter-output>
  </reporter-output>
  <suite started-at="2022-08-21T13:18:57 IST" name="Suite" finished-at="2022-08-21T13:19:14 IST" duration-ms="17081">
    <groups>
    </groups>
    <test started-at="2022-08-21T13:18:57 IST" name="Test" finished-at="2022-08-21T13:19:14 IST" duration-ms="17081">
      <class name="com.qa.ItemBuyTest">
        <test-method is-config="true" signature="beforeMethod(java.lang.String)[pri:0, instance:com.qa.ItemBuyTest@4310d43]" started-at="2022-08-21T13:18:57 IST" name="beforeMethod" finished-at="2022-08-21T13:19:03 IST" duration-ms="5513" status="PASS">
          <params>
            <param index="0">
              <value>
                <![CDATA[chrome]]>
              </value>
            </param>
          </params>
          <reporter-output>
          </reporter-output>
        </test-method> <!-- beforeMethod -->
        <test-method signature="loginTest()[pri:0, instance:com.qa.ItemBuyTest@4310d43]" started-at="2022-08-21T13:19:03 IST" name="loginTest" finished-at="2022-08-21T13:19:05 IST" duration-ms="2627" status="PASS">
          <reporter-output>
          </reporter-output>
        </test-method> <!-- loginTest -->
        <test-method is-config="true" signature="afterMethod()[pri:0, instance:com.qa.ItemBuyTest@4310d43]" started-at="2022-08-21T13:19:05 IST" name="afterMethod" finished-at="2022-08-21T13:19:06 IST" duration-ms="649" status="PASS">
          <reporter-output>
          </reporter-output>
        </test-method> <!-- afterMethod -->
      </class> <!-- com.qa.ItemBuyTest -->
      <class name="com.qa.LoginTest">
        <test-method is-config="true" signature="beforeMethod(java.lang.String)[pri:0, instance:com.qa.LoginTest@f5acb9d]" started-at="2022-08-21T13:18:57 IST" name="beforeMethod" finished-at="2022-08-21T13:19:03 IST" duration-ms="5510" status="PASS">
          <params>
            <param index="0">
              <value>
                <![CDATA[chrome]]>
              </value>
            </param>
          </params>
          <reporter-output>
          </reporter-output>
        </test-method> <!-- beforeMethod -->
        <test-method signature="lockedoutUserTest()[pri:0, instance:com.qa.LoginTest@f5acb9d]" started-at="2022-08-21T13:19:03 IST" name="lockedoutUserTest" finished-at="2022-08-21T13:19:04 IST" duration-ms="1731" status="PASS">
          <reporter-output>
          </reporter-output>
        </test-method> <!-- lockedoutUserTest -->
        <test-method is-config="true" signature="afterMethod()[pri:0, instance:com.qa.LoginTest@f5acb9d]" started-at="2022-08-21T13:19:04 IST" name="afterMethod" finished-at="2022-08-21T13:19:06 IST" duration-ms="1483" status="PASS">
          <reporter-output>
          </reporter-output>
        </test-method> <!-- afterMethod -->
        <test-method is-config="true" signature="beforeMethod(java.lang.String)[pri:0, instance:com.qa.LoginTest@f5acb9d]" started-at="2022-08-21T13:19:06 IST" name="beforeMethod" finished-at="2022-08-21T13:19:09 IST" duration-ms="3068" status="PASS">
          <params>
            <param index="0">
              <value>
                <![CDATA[chrome]]>
              </value>
            </param>
          </params>
          <reporter-output>
          </reporter-output>
        </test-method> <!-- beforeMethod -->
        <test-method signature="loginTest()[pri:0, instance:com.qa.LoginTest@f5acb9d]" started-at="2022-08-21T13:19:09 IST" name="loginTest" finished-at="2022-08-21T13:19:14 IST" duration-ms="4852" status="PASS">
          <reporter-output>
          </reporter-output>
        </test-method> <!-- loginTest -->
        <test-method is-config="true" signature="afterMethod()[pri:0, instance:com.qa.LoginTest@f5acb9d]" started-at="2022-08-21T13:19:14 IST" name="afterMethod" finished-at="2022-08-21T13:19:14 IST" duration-ms="395" status="PASS">
          <reporter-output>
          </reporter-output>
        </test-method> <!-- afterMethod -->
      </class> <!-- com.qa.LoginTest -->
    </test> <!-- Test -->
  </suite> <!-- Suite -->
</testng-results>
