<?xml version="1.0" encoding="UTF-8"?>
<testng-results ignored="0" total="2" passed="2" failed="0" skipped="0">
  <reporter-output>
  </reporter-output>
  <suite started-at="2022-08-25T16:23:02 IST" name="Suite" finished-at="2022-08-25T16:23:42 IST" duration-ms="39869">
    <groups>
    </groups>
    <test started-at="2022-08-25T16:23:02 IST" name="Test" finished-at="2022-08-25T16:23:42 IST" duration-ms="39869">
      <class name="com.qa.LoginTest">
        <test-method is-config="true" signature="beforeMethod(java.lang.String)[pri:0, instance:com.qa.LoginTest@d5b810e]" started-at="2022-08-25T16:23:04 IST" name="beforeMethod" finished-at="2022-08-25T16:23:19 IST" duration-ms="14911" status="PASS">
          <params>
            <param index="0">
              <value>
                <![CDATA[chrome]]>
              </value>
            </param>
          </params>
          <reporter-output>
          </reporter-output>
        </test-method> <!-- beforeMethod -->
        <test-method signature="loginTest(java.lang.String,java.lang.String,java.lang.String,java.lang.String,java.lang.String,java.lang.String)[pri:0, instance:com.qa.LoginTest@d5b810e]" started-at="2022-08-25T16:23:19 IST" name="loginTest" data-provider="loginTestData" finished-at="2022-08-25T16:23:30 IST" duration-ms="11001" status="PASS">
          <params>
            <param index="0">
              <value>
                <![CDATA[standard_user]]>
              </value>
            </param>
            <param index="1">
              <value>
                <![CDATA[secret_sauce]]>
              </value>
            </param>
            <param index="2">
              <value>
                <![CDATA[Job]]>
              </value>
            </param>
            <param index="3">
              <value>
                <![CDATA[Den]]>
              </value>
            </param>
            <param index="4">
              <value>
                <![CDATA[111 333]]>
              </value>
            </param>
            <param index="5">
              <value>
                <![CDATA[]]>
              </value>
            </param>
          </params>
          <reporter-output>
          </reporter-output>
        </test-method> <!-- loginTest -->
        <test-method is-config="true" signature="afterMethod()[pri:0, instance:com.qa.LoginTest@d5b810e]" started-at="2022-08-25T16:23:30 IST" name="afterMethod" finished-at="2022-08-25T16:23:31 IST" duration-ms="668" status="PASS">
          <reporter-output>
          </reporter-output>
        </test-method> <!-- afterMethod -->
        <test-method is-config="true" signature="beforeMethod(java.lang.String)[pri:0, instance:com.qa.LoginTest@d5b810e]" started-at="2022-08-25T16:23:31 IST" name="beforeMethod" finished-at="2022-08-25T16:23:37 IST" duration-ms="5671" status="PASS">
          <params>
            <param index="0">
              <value>
                <![CDATA[chrome]]>
              </value>
            </param>
          </params>
          <reporter-output>
          </reporter-output>
        </test-method> <!-- beforeMethod -->
        <test-method signature="loginTest(java.lang.String,java.lang.String,java.lang.String,java.lang.String,java.lang.String,java.lang.String)[pri:0, instance:com.qa.LoginTest@d5b810e]" started-at="2022-08-25T16:23:37 IST" name="loginTest" data-provider="loginTestData" finished-at="2022-08-25T16:23:41 IST" duration-ms="4578" status="PASS">
          <params>
            <param index="0">
              <value>
                <![CDATA[locked_out_user]]>
              </value>
            </param>
            <param index="1">
              <value>
                <![CDATA[secret_sauce]]>
              </value>
            </param>
            <param index="2">
              <value>
                <![CDATA[]]>
              </value>
            </param>
            <param index="3">
              <value>
                <![CDATA[]]>
              </value>
            </param>
            <param index="4">
              <value>
                <![CDATA[]]>
              </value>
            </param>
            <param index="5">
              <value>
                <![CDATA[Epic sadface: Sorry, this user has been locked out.]]>
              </value>
            </param>
          </params>
          <reporter-output>
          </reporter-output>
        </test-method> <!-- loginTest -->
        <test-method is-config="true" signature="afterMethod()[pri:0, instance:com.qa.LoginTest@d5b810e]" started-at="2022-08-25T16:23:41 IST" name="afterMethod" finished-at="2022-08-25T16:23:42 IST" duration-ms="976" status="PASS">
          <reporter-output>
          </reporter-output>
        </test-method> <!-- afterMethod -->
      </class> <!-- com.qa.LoginTest -->
    </test> <!-- Test -->
  </suite> <!-- Suite -->
</testng-results>
